Start of error log : 01-21-2024 05:07:22
Error occurred at : 01-21-2024 05:07:22 Message: Exception occurred : Database connection failed : SQLSTATE[HY000] [2002] Connection refused
Error occurred at : 01-21-2024 05:07:22 Message: Exception occurred : Database connection failed : SQLSTATE[HY000] [2002] Connection refused
Error occurred at : 01-21-2024 05:07:22 Message: Exception occurred : Failed to start the session because headers have already been sent by "/var/www/html/ArtLibs/ErrorManager.php" at line 85.
Error occurred at : 01-21-2024 05:07:22 Message: Exception occurred : Database connection failed : SQLSTATE[HY000] [2002] Connection refused
Error occurred at : 01-21-2024 05:07:22 Message: Exception occurred : Failed to start the session because headers have already been sent by "/var/www/html/ArtLibs/ErrorManager.php" at line 85.
Error occurred at : 01-21-2024 05:07:22 Message: Route manager is not allocated.
Start of error log : 01-21-2024 05:07:32
Start of error log : 01-21-2024 05:07:34
Start of error log : 01-21-2024 05:07:44
Start of error log : 01-21-2024 05:10:45
Start of error log : 01-21-2024 05:10:47
Start of error log : 01-22-2024 04:54:55
Start of error log : 01-22-2024 05:12:47
Start of error log : 01-22-2024 05:12:49
Start of error log : 01-22-2024 05:12:49
Start of error log : 01-22-2024 05:12:49
Start of error log : 01-22-2024 05:12:49
Start of error log : 01-22-2024 05:15:45
Error occurred at : 01-22-2024 05:15:45 Message: The vendor library is missing, use composer to install dependencies.
Error occurred at : 01-22-2024 05:15:45 Message: The vendor library is missing, use composer to install dependencies.
Error occurred at : 01-22-2024 05:15:45 Message: Route manager is not allocated.
Start of error log : 01-22-2024 05:15:45
Error occurred at : 01-22-2024 05:15:45 Message: The vendor library is missing, use composer to install dependencies.
Error occurred at : 01-22-2024 05:15:45 Message: The vendor library is missing, use composer to install dependencies.
Error occurred at : 01-22-2024 05:15:45 Message: Route manager is not allocated.
Start of error log : 01-22-2024 05:27:43
Start of error log : 01-22-2024 05:27:43
Start of error log : 01-22-2024 05:28:06
Start of error log : 01-22-2024 05:28:06
Start of error log : 01-22-2024 05:28:35
Error occurred at : 01-22-2024 05:28:35 Message: Exception occurred : Failed to start the session because headers have already been sent by "/var/www/html/ArtLibs/Application.php" at line 47.
Error occurred at : 01-22-2024 05:28:35 Message: Exception occurred : Failed to start the session because headers have already been sent by "/var/www/html/ArtLibs/Application.php" at line 47.
Error occurred at : 01-22-2024 05:28:35 Message: Route manager is not allocated.
Start of error log : 01-22-2024 05:28:35
Error occurred at : 01-22-2024 05:28:35 Message: Exception occurred : Failed to start the session because headers have already been sent by "/var/www/html/ArtLibs/Application.php" at line 47.
Error occurred at : 01-22-2024 05:28:35 Message: Exception occurred : Failed to start the session because headers have already been sent by "/var/www/html/ArtLibs/Application.php" at line 47.
Error occurred at : 01-22-2024 05:28:35 Message: Route manager is not allocated.
Start of error log : 01-22-2024 05:28:59
Start of error log : 01-22-2024 05:29:01
Start of error log : 01-22-2024 05:29:01
Start of error log : 01-22-2024 05:29:01
Start of error log : 01-22-2024 05:29:01
Start of error log : 01-22-2024 05:29:02
Start of error log : 01-22-2024 05:29:07
Start of error log : 01-22-2024 05:29:07
Start of error log : 01-22-2024 05:29:13
Error occurred at : 01-22-2024 05:29:13 Message: Exception occurred : Failed to start the session because headers have already been sent by "/var/www/html/ArtLibs/Application.php" at line 47.
Error occurred at : 01-22-2024 05:29:13 Message: Exception occurred : Failed to start the session because headers have already been sent by "/var/www/html/ArtLibs/Application.php" at line 47.
Error occurred at : 01-22-2024 05:29:13 Message: Route manager is not allocated.
Start of error log : 01-22-2024 05:29:13
Error occurred at : 01-22-2024 05:29:13 Message: Exception occurred : Failed to start the session because headers have already been sent by "/var/www/html/ArtLibs/Application.php" at line 47.
Error occurred at : 01-22-2024 05:29:13 Message: Exception occurred : Failed to start the session because headers have already been sent by "/var/www/html/ArtLibs/Application.php" at line 47.
Error occurred at : 01-22-2024 05:29:13 Message: Route manager is not allocated.
Start of error log : 01-22-2024 05:29:27
Start of error log : 01-22-2024 05:30:27
Start of error log : 01-22-2024 05:30:27
Start of error log : 01-22-2024 05:30:47
Start of error log : 01-22-2024 05:30:47
Start of error log : 01-22-2024 05:30:48
Start of error log : 01-22-2024 05:30:48
Start of error log : 01-22-2024 05:36:57
Start of error log : 01-22-2024 05:37:44
Start of error log : 01-22-2024 05:37:44
